[debug] [2020-06-09T06:11:03.466Z] ----------------------------------------------------------------------
[debug] [2020-06-09T06:11:03.469Z] Command:       C:\Program Files\nodejs\node.exe C:\Users\Nitesh\AppData\Roaming\npm\node_modules\firebase-tools\lib\bin\firebase.js login
[debug] [2020-06-09T06:11:03.470Z] CLI Version:   8.4.2
[debug] [2020-06-09T06:11:03.470Z] Platform:      win32
[debug] [2020-06-09T06:11:03.470Z] Node Version:  v12.16.3
[debug] [2020-06-09T06:11:03.472Z] Time:          Tue Jun 09 2020 11:41:03 GMT+0530 (India Standard Time)
[debug] [2020-06-09T06:11:03.472Z] ----------------------------------------------------------------------
[debug] [2020-06-09T06:11:03.472Z] 
[info] i  Firebase optionally collects CLI usage and error reporting information to help improve our products. Data is collected in accordance with Google's privacy policy (https://policies.google.com/privacy) and is not used to identify you.
 
[info] i  To change your data collection preference at any time, run `firebase logout` and log in again. 
[info] 
[info] Visit this URL on this device to log in:
[info] https://accounts.google.com/o/oauth2/auth?client_id=563584335869-fgrhgmd47bqnekij5i8b5pr03ho849e6.apps.googleusercontent.com&scope=email%20openid%20https%3A%2F%2Fwww.googleapis.com%2Fauth%2Fcloudplatformprojects.readonly%20https%3A%2F%2Fwww.googleapis.com%2Fauth%2Ffirebase%20https%3A%2F%2Fwww.googleapis.com%2Fauth%2Fcloud-platform&response_type=code&state=1065733863&redirect_uri=http%3A%2F%2Flocalhost%3A9005
[info] 
[info] Waiting for authentication...
[debug] [2020-06-09T06:15:40.310Z] >>> HTTP REQUEST POST https://accounts.google.com/o/oauth2/token  
 {"code":"4/0gGxi-3Tp0SzQmRE5p_OW8oSEDkYjmAF7wSQ_CmJ2Rwng0b9jczRVaog87WAPtwAuerkTODVpwtXuBhiAEGKgO8","client_id":"563584335869-fgrhgmd47bqnekij5i8b5pr03ho849e6.apps.googleusercontent.com","client_secret":"j9iVZfS8kkCEFUPaAeJV0sAi","redirect_uri":"http://localhost:9005","grant_type":"authorization_code"}
[debug] [2020-06-09T06:15:41.349Z] Token Fetch Error: FirebaseError: Server Error. unable to verify the first certificate
    at Request._callback (C:\Users\Nitesh\AppData\Roaming\npm\node_modules\firebase-tools\lib\api.js:32:31)
    at self.callback (C:\Users\Nitesh\AppData\Roaming\npm\node_modules\firebase-tools\node_modules\request\request.js:185:22)
    at Request.emit (events.js:310:20)
    at Request.EventEmitter.emit (domain.js:482:12)
    at Request.onRequestError (C:\Users\Nitesh\AppData\Roaming\npm\node_modules\firebase-tools\node_modules\request\request.js:877:8)
    at ClientRequest.emit (events.js:310:20)
    at ClientRequest.EventEmitter.emit (domain.js:482:12)
    at TLSSocket.socketErrorListener (_http_client.js:426:9)
    at TLSSocket.emit (events.js:310:20)
    at TLSSocket.EventEmitter.emit (domain.js:482:12)
    at emitErrorNT (internal/streams/destroy.js:92:8)
    at emitErrorAndCloseNT (internal/streams/destroy.js:60:3)
    at processTicksAndRejections (internal/process/task_queues.js:84:21)
[debug] [2020-06-09T06:20:52.314Z] ----------------------------------------------------------------------
[debug] [2020-06-09T06:20:52.322Z] Command:       C:\Program Files\nodejs\node.exe C:\Users\Nitesh\AppData\Roaming\npm\node_modules\firebase-tools\lib\bin\firebase.js login
[debug] [2020-06-09T06:20:52.323Z] CLI Version:   8.4.2
[debug] [2020-06-09T06:20:52.323Z] Platform:      win32
[debug] [2020-06-09T06:20:52.324Z] Node Version:  v12.16.3
[debug] [2020-06-09T06:20:52.391Z] Time:          Tue Jun 09 2020 11:50:52 GMT+0530 (India Standard Time)
[debug] [2020-06-09T06:20:52.392Z] ----------------------------------------------------------------------
[debug] [2020-06-09T06:20:52.392Z] 
[info] i  Firebase optionally collects CLI usage and error reporting information to help improve our products. Data is collected in accordance with Google's privacy policy (https://policies.google.com/privacy) and is not used to identify you.
 
[info] i  To change your data collection preference at any time, run `firebase logout` and log in again. 
[info] 
[info] Visit this URL on this device to log in:
[info] https://accounts.google.com/o/oauth2/auth?client_id=563584335869-fgrhgmd47bqnekij5i8b5pr03ho849e6.apps.googleusercontent.com&scope=email%20openid%20https%3A%2F%2Fwww.googleapis.com%2Fauth%2Fcloudplatformprojects.readonly%20https%3A%2F%2Fwww.googleapis.com%2Fauth%2Ffirebase%20https%3A%2F%2Fwww.googleapis.com%2Fauth%2Fcloud-platform&response_type=code&state=158367133&redirect_uri=http%3A%2F%2Flocalhost%3A9005
[info] 
[info] Waiting for authentication...
[debug] [2020-06-09T06:22:18.838Z] ----------------------------------------------------------------------
[debug] [2020-06-09T06:22:18.842Z] Command:       C:\Program Files\nodejs\node.exe C:\Users\Nitesh\AppData\Roaming\npm\node_modules\firebase-tools\lib\bin\firebase.js login
[debug] [2020-06-09T06:22:18.842Z] CLI Version:   8.4.2
[debug] [2020-06-09T06:22:18.842Z] Platform:      win32
[debug] [2020-06-09T06:22:18.842Z] Node Version:  v12.16.3
[debug] [2020-06-09T06:22:18.845Z] Time:          Tue Jun 09 2020 11:52:18 GMT+0530 (India Standard Time)
[debug] [2020-06-09T06:22:18.845Z] ----------------------------------------------------------------------
[debug] [2020-06-09T06:22:18.845Z] 
[info] i  Firebase optionally collects CLI usage and error reporting information to help improve our products. Data is collected in accordance with Google's privacy policy (https://policies.google.com/privacy) and is not used to identify you.
 
[info] i  To change your data collection preference at any time, run `firebase logout` and log in again. 
[info] 
[info] Visit this URL on this device to log in:
[info] https://accounts.google.com/o/oauth2/auth?client_id=563584335869-fgrhgmd47bqnekij5i8b5pr03ho849e6.apps.googleusercontent.com&scope=email%20openid%20https%3A%2F%2Fwww.googleapis.com%2Fauth%2Fcloudplatformprojects.readonly%20https%3A%2F%2Fwww.googleapis.com%2Fauth%2Ffirebase%20https%3A%2F%2Fwww.googleapis.com%2Fauth%2Fcloud-platform&response_type=code&state=30526490&redirect_uri=http%3A%2F%2Flocalhost%3A9005
[info] 
[info] Waiting for authentication...
[debug] [2020-06-09T06:28:45.080Z] >>> HTTP REQUEST POST https://accounts.google.com/o/oauth2/token  
 {"code":"4/0gGT8f7guab1LRfqdwd2z14nmJxaCZ37nz5UF7rILmdnAbfNt2Tk2CPj0V33dauDIvJioHgYiHCL4VKWmCKtjpc","client_id":"563584335869-fgrhgmd47bqnekij5i8b5pr03ho849e6.apps.googleusercontent.com","client_secret":"j9iVZfS8kkCEFUPaAeJV0sAi","redirect_uri":"http://localhost:9005","grant_type":"authorization_code"}
[debug] [2020-06-09T06:28:46.025Z] Token Fetch Error: FirebaseError: Server Error. unable to verify the first certificate
    at Request._callback (C:\Users\Nitesh\AppData\Roaming\npm\node_modules\firebase-tools\lib\api.js:32:31)
    at self.callback (C:\Users\Nitesh\AppData\Roaming\npm\node_modules\firebase-tools\node_modules\request\request.js:185:22)
    at Request.emit (events.js:310:20)
    at Request.EventEmitter.emit (domain.js:482:12)
    at Request.onRequestError (C:\Users\Nitesh\AppData\Roaming\npm\node_modules\firebase-tools\node_modules\request\request.js:877:8)
    at ClientRequest.emit (events.js:310:20)
    at ClientRequest.EventEmitter.emit (domain.js:482:12)
    at TLSSocket.socketErrorListener (_http_client.js:426:9)
    at TLSSocket.emit (events.js:310:20)
    at TLSSocket.EventEmitter.emit (domain.js:482:12)
    at emitErrorNT (internal/streams/destroy.js:92:8)
    at emitErrorAndCloseNT (internal/streams/destroy.js:60:3)
    at processTicksAndRejections (internal/process/task_queues.js:84:21)
